PC  : 00000381
$0  : 00000267 =         615    $f0  : 3F804000 = 1.00195
$1  : 00000000 =           0    $f1  : 3F800000 = 1
$2  : 00000000 =           0    $f2  : 3F800000 = 1
$3  : 00000000 =           0    $f3  : 3F800466 = 1.00013
$4  : 00000000 =           0    $f4  : 39CD1677 = 0.000391174
$5  : 00000000 =           0    $f5  : 36000000 = 1.90735E-06
$6  : 00000000 =           0    $f6  : 3F800000 = 1
$7  : 00000000 =           0    $f7  : 3F32C639 = 0.698337
$8  : 00000000 =           0    $f8  : 3482FC56 = 2.4398E-07
$9  : 00000000 =           0    $f9  : 33AFB5D2 = 8.18215E-08
$10 : 00000000 =           0    $f10 : 3F800000 = 1
$11 : 00000000 =           0    $f11 : 00000000 = 0
$12 : 00000000 =           0    $f12 : 00000000 = 0
$13 : 00000000 =           0    $f13 : 00000000 = 0
$14 : 00000000 =           0    $f14 : 00000000 = 0
$15 : 00000000 =           0    $f15 : 00000000 = 0
$16 : 00000000 =           0    $f16 : 00000000 = 0
$17 : 00000000 =           0    $f17 : 00000000 = 0
$18 : 00000000 =           0    $f18 : 00000000 = 0
$19 : 00000000 =           0    $f19 : 00000000 = 0
$20 : 00000000 =           0    $f20 : 00000000 = 0
$21 : 00000000 =           0    $f21 : 00000000 = 0
$22 : 00000000 =           0    $f22 : 00000000 = 0
$23 : 00000000 =           0    $f23 : 00000000 = 0
$24 : 00000000 =           0    $f24 : 00000000 = 0
$25 : 0000027A =         634    $f25 : 00000000 = 0
$26 : 00007802 =       30722    $f26 : 00000000 = 0
$27 : 00007804 =       30724    $f27 : 00000000 = 0
$28 : 00000008 =           8    $f28 : 00000000 = 0
$29 : 00000000 =           0    $f29 : 00000000 = 0
$30 : 00003000 =       12288    $f30 : 00000000 = 0
$31 : 00000000 =           0    $f31 : 00000000 = 0
total  : 1127551470
LDA    : 50720881
LDAH   : 155394749
LDL    : 13660144
STL    : 12609520
BEQ    : 6303746
BNE    : 24164194
BR     : 48424109
BSR    : 8404952
JMP    : 9457627
JSR    : 0
RET    : 0
ADDL   : 0
SUBL   : 0
CMPEQ  : 0
CMPLE  : 3151854
CMPLT  : 24164194
AND    : 6303784
BIS    : 0
XOR    : 0
EQV    : 0
SLL    : 0
SRL    : 0
SRA    : 0
LDS    : 12609480
STS    : 10508238
FBEQ   : 59723631
FBNE   : 0
CMPSEQ : 0
CMPSLE : 59723631
CMPSLT : 0
ADDS   : 153185357
SUBS   : 51569744
MULS   : 206305732
INVS   : 52620364
SQRTS  : 0
CVTSL/C: 3151854
CVTLS  : 0
FTOIS  : 3151854
ITOFS  : 152241831
